C:\PROGRAM FILES (X86)\FASOO DRM\LOG\0.LOG
C:\PROGRAM FILES (X86)\FASOO DRM\LOG\13.LOG
C:\PROGRAM FILES (X86)\FASOO DRM\LOG\F_0001.LOG
C:\USERS\KYLE\DESKTOP\MOBILITYMODELS\MOBILITYMODELS\RANDOMWAYPOINT\DEBUG\RANDOMWAYPOINT.EXE
C:\USERS\KYLE\DESKTOP\MOBILITYMODELS\MOBILITYMODELS\RANDOMWAYPOINT\DEBUG\RANDOMWAYPOINT.ILK
C:\USERS\KYLE\DESKTOP\MOBILITYMODELS\MOBILITYMODELS\RANDOMWAYPOINT\DEBUG\RANDOMWAYPOINT.PDB
C:\Users\Kyle\Desktop\MobilityModels\MobilityModels\RandomWaypoint\RandomWaypoint\Debug\cl.command.1.tlog
C:\Users\Kyle\Desktop\MobilityModels\MobilityModels\RandomWaypoint\RandomWaypoint\Debug\CL.read.1.tlog
C:\Users\Kyle\Desktop\MobilityModels\MobilityModels\RandomWaypoint\RandomWaypoint\Debug\CL.write.1.tlog
C:\USERS\KYLE\DESKTOP\MOBILITYMODELS\MOBILITYMODELS\RANDOMWAYPOINT\RANDOMWAYPOINT\DEBUG\GETDISTANCE.OBJ
C:\USERS\KYLE\DESKTOP\MOBILITYMODELS\MOBILITYMODELS\RANDOMWAYPOINT\RANDOMWAYPOINT\DEBUG\INITIALIZATIONRW.OBJ
C:\USERS\KYLE\DESKTOP\MOBILITYMODELS\MOBILITYMODELS\RANDOMWAYPOINT\RANDOMWAYPOINT\DEBUG\INITIALIZERW.OBJ
C:\Users\Kyle\Desktop\MobilityModels\MobilityModels\RandomWaypoint\RandomWaypoint\Debug\link.command.1.tlog
C:\Users\Kyle\Desktop\MobilityModels\MobilityModels\RandomWaypoint\RandomWaypoint\Debug\link.read.1.tlog
C:\Users\Kyle\Desktop\MobilityModels\MobilityModels\RandomWaypoint\RandomWaypoint\Debug\link.write.1.tlog
C:\USERS\KYLE\DESKTOP\MOBILITYMODELS\MOBILITYMODELS\RANDOMWAYPOINT\RANDOMWAYPOINT\DEBUG\MAIN.OBJ
C:\Users\Kyle\Desktop\MobilityModels\MobilityModels\RandomWaypoint\RandomWaypoint\Debug\mt.command.1.tlog
C:\Users\Kyle\Desktop\MobilityModels\MobilityModels\RandomWaypoint\RandomWaypoint\Debug\mt.read.1.tlog
C:\Users\Kyle\Desktop\MobilityModels\MobilityModels\RandomWaypoint\RandomWaypoint\Debug\mt.write.1.tlog
C:\USERS\KYLE\DESKTOP\MOBILITYMODELS\MOBILITYMODELS\RANDOMWAYPOINT\RANDOMWAYPOINT\DEBUG\RANDOMWAYPOINT.EXE.INTERMEDIATE.MANIFEST
C:\USERS\KYLE\DESKTOP\MOBILITYMODELS\MOBILITYMODELS\RANDOMWAYPOINT\RANDOMWAYPOINT\DEBUG\RANDOMWAYPOINT.OBJ
C:\Users\Kyle\Desktop\MobilityModels\MobilityModels\RandomWaypoint\RandomWaypoint\Debug\RandomWaypoint.vcxprojResolveAssemblyReference.cache
C:\Users\Kyle\Desktop\MobilityModels\MobilityModels\RandomWaypoint\RandomWaypoint\Debug\RandomWaypoint.write.1.tlog
C:\USERS\KYLE\DESKTOP\MOBILITYMODELS\MOBILITYMODELS\RANDOMWAYPOINT\RANDOMWAYPOINT\DEBUG\SETDESTINATION.OBJ
C:\USERS\KYLE\DESKTOP\MOBILITYMODELS\MOBILITYMODELS\RANDOMWAYPOINT\RANDOMWAYPOINT\DEBUG\SETNEXTCOORDINATE.OBJ
C:\USERS\KYLE\DESKTOP\MOBILITYMODELS\MOBILITYMODELS\RANDOMWAYPOINT\RANDOMWAYPOINT\DEBUG\SETPACKETS.OBJ
C:\USERS\KYLE\DESKTOP\MOBILITYMODELS\MOBILITYMODELS\RANDOMWAYPOINT\RANDOMWAYPOINT\DEBUG\UDP_SOCKET.OBJ
C:\Users\Kyle\Desktop\MobilityModels\MobilityModels\RandomWaypoint\RandomWaypoint\Debug\vc100.idb
C:\USERS\KYLE\DESKTOP\MOBILITYMODELS\MOBILITYMODELS\RANDOMWAYPOINT\RANDOMWAYPOINT\DEBUG\VC100.PDB
C:\USERS\KYLE\DOCUMENTS\VISUAL STUDIO 2010\PROJECTS\RANDOMWAYPOINT\DEBUG\RANDOMWAYPOINT.EXE
C:\USERS\KYLE\DOCUMENTS\VISUAL STUDIO 2010\PROJECTS\RANDOMWAYPOINT\DEBUG\RANDOMWAYPOINT.ILK
C:\USERS\KYLE\DOCUMENTS\VISUAL STUDIO 2010\PROJECTS\RANDOMWAYPOINT\DEBUG\RANDOMWAYPOINT.PDB
C:\USERS\KYLE\DOCUMENTS\VISUAL STUDIO 2010\PROJECTS\RANDOMWAYPOINT\RANDOMWAYPOINT\DEBUG\MAIN.OBJ
C:\USERS\KYLE\DOCUMENTS\VISUAL STUDIO 2010\PROJECTS\RANDOMWAYPOINT\RANDOMWAYPOINT\DEBUG\RANDOMWAYPOINT.EXE.INTERMEDIATE.MANIFEST
C:\USERS\KYLE\DOCUMENTS\VISUAL STUDIO 2010\PROJECTS\RANDOMWAYPOINT\RANDOMWAYPOINT\DEBUG\RANDOMWAYPOINT.OBJ
C:\USERS\KYLE\DOCUMENTS\VISUAL STUDIO 2010\PROJECTS\RANDOMWAYPOINT\RANDOMWAYPOINT\DEBUG\UDP_SOCKET.OBJ
C:\USERS\KYLE\DOCUMENTS\VISUAL STUDIO 2010\PROJECTS\RANDOMWAYPOINT\RANDOMWAYPOINT\DEBUG\VC100.PDB
